<?xml version="1.0" encoding="UTF-8"?>
<!-- Generated by org.testng.reporters.JUnitReportReporter -->
<testsuite hostname="DESKTOP-9BJ4JH8" failures="0" tests="1" name="com.amazon.automation.amazonAutomation.AmazonTest" time="2.561" errors="0" timestamp="2023-09-03T21:38:50 NZST" skipped="0">
  <testcase classname="com.amazon.automation.amazonAutomation.AmazonTest" name="testSearchResultsDisplayed" time="2.561"/>
  <system-out/>
</testsuite> <!-- com.amazon.automation.amazonAutomation.AmazonTest -->
