<?xml version="1.0" encoding="UTF-8"?>
<!-- Generated by org.testng.reporters.JUnitReportReporter -->
<testsuite hostname="DESKTOP-9BJ4JH8" failures="0" tests="2" name="com.amazon.automation.amazonAutomation.AppTest" time="1.022" errors="0" timestamp="2023-08-21T20:44:27 NZST" skipped="0">
  <testcase classname="com.amazon.automation.amazonAutomation.AppTest" name="shouldAnswerWithTrue" time="0.001"/>
  <system-out/>
  <testcase classname="com.amazon.automation.amazonAutomation.AppTest" name="TestMethodOne" time="1.021"/>
  <system-out/>
</testsuite> <!-- com.amazon.automation.amazonAutomation.AppTest -->
